<?xml version="1.0" encoding="UTF-8"?>
<!-- Generated by org.testng.reporters.JUnitXMLReporter -->
<testsuite hostname="DESKTOP-S25SUL0" name="Default test" tests="1" failures="1" timestamp="31 Oct 2018 14:48:57 GMT" time="7.774" errors="0">
  <testcase name="orderStataus" time="2.781" classname="Login.Login">
    <failure type="java.lang.AssertionError" message="expected [[, Missing Orders, Canceled, Canceled Reversal, Chargeback, Complete, Denied, Expired, Failed, Pending, Processed, Processing, Refunded, Reversed, Shipped, Voided]] but found [[[[[[ChromeDriver: chrome on XP (269db06cfbc45758fe030f43a63e79d0)] -&amp;gt; css selector: #input-order-status]] -&amp;gt; tag name: option], [[[[ChromeDriver: chrome on XP (269db06cfbc45758fe030f43a63e79d0)] -&amp;gt; css selector: #input-order-status]] -&amp;gt; tag name: option], [[[[ChromeDriver: chrome on XP (269db06cfbc45758fe030f43a63e79d0)] -&amp;gt; css selector: #input-order-status]] -&amp;gt; tag name: option], [[[[ChromeDriver: chrome on XP (269db06cfbc45758fe030f43a63e79d0)] -&amp;gt; css selector: #input-order-status]] -&amp;gt; tag name: option], [[[[ChromeDriver: chrome on XP (269db06cfbc45758fe030f43a63e79d0)] -&amp;gt; css selector: #input-order-status]] -&amp;gt; tag name: option], [[[[ChromeDriver: chrome on XP (269db06cfbc45758fe030f43a63e79d0)] -&amp;gt; css selector: #input-order-status]] -&amp;gt; tag name: option], [[[[ChromeDriver: chrome on XP (269db06cfbc45758fe030f43a63e79d0)] -&amp;gt; css selector: #input-order-status]] -&amp;gt; tag name: option], [[[[ChromeDriver: chrome on XP (269db06cfbc45758fe030f43a63e79d0)] -&amp;gt; css selector: #input-order-status]] -&amp;gt; tag name: option], [[[[ChromeDriver: chrome on XP (269db06cfbc45758fe030f43a63e79d0)] -&amp;gt; css selector: #input-order-status]] -&amp;gt; tag name: option], [[[[ChromeDriver: chrome on XP (269db06cfbc45758fe030f43a63e79d0)] -&amp;gt; css selector: #input-order-status]] -&amp;gt; tag name: option], [[[[ChromeDriver: chrome on XP (269db06cfbc45758fe030f43a63e79d0)] -&amp;gt; css selector: #input-order-status]] -&amp;gt; tag name: option], [[[[ChromeDriver: chrome on XP (269db06cfbc45758fe030f43a63e79d0)] -&amp;gt; css selector: #input-order-status]] -&amp;gt; tag name: option], [[[[ChromeDriver: chrome on XP (269db06cfbc45758fe030f43a63e79d0)] -&amp;gt; css selector: #input-order-status]] -&amp;gt; tag name: option], [[[[ChromeDriver: chrome on XP (269db06cfbc45758fe030f43a63e79d0)] -&amp;gt; css selector: #input-order-status]] -&amp;gt; tag name: option], [[[[ChromeDriver: chrome on XP (269db06cfbc45758fe030f43a63e79d0)] -&amp;gt; css selector: #input-order-status]] -&amp;gt; tag name: option], [[[[ChromeDriver: chrome on XP (269db06cfbc45758fe030f43a63e79d0)] -&amp;gt; css selector: #input-order-status]] -&amp;gt; tag name: option]]]">
      <![CDATA[java.lang.AssertionError: expected [[, Missing Orders, Canceled, Canceled Reversal, Chargeback, Complete, Denied, Expired, Failed, Pending, Processed, Processing, Refunded, Reversed, Shipped, Voided]] but found [[[[[[ChromeDriver: chrome on XP (269db06cfbc45758fe030f43a63e79d0)] -> css selector: #input-order-status]] -> tag name: option], [[[[ChromeDriver: chrome on XP (269db06cfbc45758fe030f43a63e79d0)] -> css selector: #input-order-status]] -> tag name: option], [[[[ChromeDriver: chrome on XP (269db06cfbc45758fe030f43a63e79d0)] -> css selector: #input-order-status]] -> tag name: option], [[[[ChromeDriver: chrome on XP (269db06cfbc45758fe030f43a63e79d0)] -> css selector: #input-order-status]] -> tag name: option], [[[[ChromeDriver: chrome on XP (269db06cfbc45758fe030f43a63e79d0)] -> css selector: #input-order-status]] -> tag name: option], [[[[ChromeDriver: chrome on XP (269db06cfbc45758fe030f43a63e79d0)] -> css selector: #input-order-status]] -> tag name: option], [[[[ChromeDriver: chrome on XP (269db06cfbc45758fe030f43a63e79d0)] -> css selector: #input-order-status]] -> tag name: option], [[[[ChromeDriver: chrome on XP (269db06cfbc45758fe030f43a63e79d0)] -> css selector: #input-order-status]] -> tag name: option], [[[[ChromeDriver: chrome on XP (269db06cfbc45758fe030f43a63e79d0)] -> css selector: #input-order-status]] -> tag name: option], [[[[ChromeDriver: chrome on XP (269db06cfbc45758fe030f43a63e79d0)] -> css selector: #input-order-status]] -> tag name: option], [[[[ChromeDriver: chrome on XP (269db06cfbc45758fe030f43a63e79d0)] -> css selector: #input-order-status]] -> tag name: option], [[[[ChromeDriver: chrome on XP (269db06cfbc45758fe030f43a63e79d0)] -> css selector: #input-order-status]] -> tag name: option], [[[[ChromeDriver: chrome on XP (269db06cfbc45758fe030f43a63e79d0)] -> css selector: #input-order-status]] -> tag name: option], [[[[ChromeDriver: chrome on XP (269db06cfbc45758fe030f43a63e79d0)] -> css selector: #input-order-status]] -> tag name: option], [[[[ChromeDriver: chrome on XP (269db06cfbc45758fe030f43a63e79d0)] -> css selector: #input-order-status]] -> tag name: option], [[[[ChromeDriver: chrome on XP (269db06cfbc45758fe030f43a63e79d0)] -> css selector: #input-order-status]] -> tag name: option]]]
	at org.testng.Assert.fail(Assert.java:94)
	at org.testng.Assert.failNotEquals(Assert.java:494)
	at org.testng.Assert.assertEquals(Assert.java:123)
	at org.testng.Assert.assertEquals(Assert.java:176)
	at org.testng.Assert.assertEquals(Assert.java:186)
	at Login.Login.orderStataus(Login.java:96)
	at sun.reflect.NativeMethodAccessorImpl.invoke0(Native Method)
	at sun.reflect.NativeMethodAccessorImpl.invoke(Unknown Source)
	at sun.reflect.DelegatingMethodAccessorImpl.invoke(Unknown Source)
	at java.lang.reflect.Method.invoke(Unknown Source)
	at org.testng.internal.MethodInvocationHelper.invokeMethod(MethodInvocationHelper.java:84)
	at org.testng.internal.Invoker.invokeMethod(Invoker.java:714)
	at org.testng.internal.Invoker.invokeTestMethod(Invoker.java:901)
	at org.testng.internal.Invoker.invokeTestMethods(Invoker.java:1231)
	at org.testng.internal.TestMethodWorker.invokeTestMethods(TestMethodWorker.java:127)
	at org.testng.internal.TestMethodWorker.run(TestMethodWorker.java:111)
	at org.testng.TestRunner.privateRun(TestRunner.java:767)
	at org.testng.TestRunner.run(TestRunner.java:617)
	at org.testng.SuiteRunner.runTest(SuiteRunner.java:334)
	at org.testng.SuiteRunner.runSequentially(SuiteRunner.java:329)
	at org.testng.SuiteRunner.privateRun(SuiteRunner.java:291)
	at org.testng.SuiteRunner.run(SuiteRunner.java:240)
	at org.testng.SuiteRunnerWorker.runSuite(SuiteRunnerWorker.java:52)
	at org.testng.SuiteRunnerWorker.run(SuiteRunnerWorker.java:86)
	at org.testng.TestNG.runSuitesSequentially(TestNG.java:1224)
	at org.testng.TestNG.runSuitesLocally(TestNG.java:1149)
	at org.testng.TestNG.run(TestNG.java:1057)
	at org.testng.remote.RemoteTestNG.run(RemoteTestNG.java:111)
	at org.testng.remote.RemoteTestNG.initAndRun(RemoteTestNG.java:204)
	at org.testng.remote.RemoteTestNG.main(RemoteTestNG.java:175)
]]>
    </failure>
  </testcase> <!-- orderStataus -->
</testsuite> <!-- Default test -->
