<html>
<head>
<title>TestNG:  Regression1</title>
<link href="../testng.css" rel="stylesheet" type="text/css" />
<link href="../my-testng.css" rel="stylesheet" type="text/css" />

<style type="text/css">
.log { display: none;} 
.stack-trace { display: none;} 
</style>
<script type="text/javascript">
<!--
function flip(e) {
  current = e.style.display;
  if (current == 'block') {
    e.style.display = 'none';
    return 0;
  }
  else {
    e.style.display = 'block';
    return 1;
  }
}

function toggleBox(szDivId, elem, msg1, msg2)
{
  var res = -1;  if (document.getElementById) {
    res = flip(document.getElementById(szDivId));
  }
  else if (document.all) {
    // this is the way old msie versions work
    res = flip(document.all[szDivId]);
  }
  if(elem) {
    if(res == 0) elem.innerHTML = msg1; else elem.innerHTML = msg2;
  }

}

function toggleAllBoxes() {
  if (document.getElementsByTagName) {
    d = document.getElementsByTagName('div');
    for (i = 0; i < d.length; i++) {
      if (d[i].className == 'log') {
        flip(d[i]);
      }
    }
  }
}

// -->
</script>

</head>
<body>
<h2 align='center'>Regression1</h2><table border='1' align="center">
<tr>
<td>Tests passed/Failed/Skipped:</td><td>16/2/0</td>
</tr><tr>
<td>Started on:</td><td>Wed Oct 31 22:18:39 EET 2018</td>
</tr>
<tr><td>Total time:</td><td>68 seconds (68801 ms)</td>
</tr><tr>
<td>Included groups:</td><td></td>
</tr><tr>
<td>Excluded groups:</td><td></td>
</tr>
</table><p/>
<small><i>(Hover the method name to see the test class name)</i></small><p/>
<table width='100%' border='1' class='invocation-failed'>
<tr><td colspan='4' align='center'><b>FAILED TESTS</b></td></tr>
<tr><td><b>Test method</b></td>
<td width="30%"><b>Exception</b></td>
<td width="10%"><b>Time (seconds)</b></td>
<td><b>Instance</b></td>
</tr>
<tr>
<td title='bg.pragmatic.lecture13mvn.waits.ElementStateTests.testElementIsEnabled()'><b>testElementIsEnabled</b><br>Test class: bg.pragmatic.lecture13mvn.waits.ElementStateTests</td>
<td><div><pre>java.lang.AssertionError: LED Lamp Checkbox is disabled!!
	at bg.pragmatic.lecture13mvn.waits.ElementStateTests.testElementIsEnabled(ElementStateTests.java:39)
... Removed 25 stack frames</pre></div><a href='#' onClick='toggleBox("stack-trace1721246982", this, "Click to show all stack frames", "Click to hide stack frames")'>Click to show all stack frames</a>
<div class='stack-trace' id='stack-trace1721246982'><pre>java.lang.AssertionError: LED Lamp Checkbox is disabled!!
	at org.testng.Assert.fail(Assert.java:94)
	at bg.pragmatic.lecture13mvn.waits.ElementStateTests.testElementIsEnabled(ElementStateTests.java:39)
	at sun.reflect.NativeMethodAccessorImpl.invoke0(Native Method)
	at sun.reflect.NativeMethodAccessorImpl.invoke(Unknown Source)
	at sun.reflect.DelegatingMethodAccessorImpl.invoke(Unknown Source)
	at java.lang.reflect.Method.invoke(Unknown Source)
	at org.testng.internal.MethodInvocationHelper.invokeMethod(MethodInvocationHelper.java:84)
	at org.testng.internal.Invoker.invokeMethod(Invoker.java:714)
	at org.testng.internal.Invoker.invokeTestMethod(Invoker.java:901)
	at org.testng.internal.Invoker.invokeTestMethods(Invoker.java:1231)
	at org.testng.internal.TestMethodWorker.invokeTestMethods(TestMethodWorker.java:127)
	at org.testng.internal.TestMethodWorker.run(TestMethodWorker.java:111)
	at org.testng.TestRunner.privateRun(TestRunner.java:767)
	at org.testng.TestRunner.run(TestRunner.java:617)
	at org.testng.SuiteRunner.runTest(SuiteRunner.java:334)
	at org.testng.SuiteRunner.runSequentially(SuiteRunner.java:329)
	at org.testng.SuiteRunner.privateRun(SuiteRunner.java:291)
	at org.testng.SuiteRunner.run(SuiteRunner.java:240)
	at org.testng.SuiteRunnerWorker.runSuite(SuiteRunnerWorker.java:52)
	at org.testng.SuiteRunnerWorker.run(SuiteRunnerWorker.java:86)
	at org.testng.TestNG.runSuitesSequentially(TestNG.java:1224)
	at org.testng.TestNG.runSuitesLocally(TestNG.java:1149)
	at org.testng.TestNG.run(TestNG.java:1057)
	at org.testng.remote.RemoteTestNG.run(RemoteTestNG.java:111)
	at org.testng.remote.RemoteTestNG.initAndRun(RemoteTestNG.java:204)
	at org.testng.remote.RemoteTestNG.main(RemoteTestNG.java:175)
</pre></div></td>
<td>0</td>
<td>bg.pragmatic.lecture13mvn.waits.ElementStateTests@2b80d80f</td></tr>
<tr>
<td title='bg.pragmatic.lecture13mvn.waits.ImplicitWaitTest.testWithOutWait()'><b>testWithOutWait</b><br>Test class: bg.pragmatic.lecture13mvn.waits.ImplicitWaitTest</td>
<td><div><pre>java.lang.AssertionError: Element not found!!
	at bg.pragmatic.lecture13mvn.waits.ImplicitWaitTest.testWithOutWait(ImplicitWaitTest.java:39)
... Removed 25 stack frames</pre></div><a href='#' onClick='toggleBox("stack-trace1149407083", this, "Click to show all stack frames", "Click to hide stack frames")'>Click to show all stack frames</a>
<div class='stack-trace' id='stack-trace1149407083'><pre>java.lang.AssertionError: Element not found!!
	at org.testng.Assert.fail(Assert.java:94)
	at bg.pragmatic.lecture13mvn.waits.ImplicitWaitTest.testWithOutWait(ImplicitWaitTest.java:39)
	at sun.reflect.NativeMethodAccessorImpl.invoke0(Native Method)
	at sun.reflect.NativeMethodAccessorImpl.invoke(Unknown Source)
	at sun.reflect.DelegatingMethodAccessorImpl.invoke(Unknown Source)
	at java.lang.reflect.Method.invoke(Unknown Source)
	at org.testng.internal.MethodInvocationHelper.invokeMethod(MethodInvocationHelper.java:84)
	at org.testng.internal.Invoker.invokeMethod(Invoker.java:714)
	at org.testng.internal.Invoker.invokeTestMethod(Invoker.java:901)
	at org.testng.internal.Invoker.invokeTestMethods(Invoker.java:1231)
	at org.testng.internal.TestMethodWorker.invokeTestMethods(TestMethodWorker.java:127)
	at org.testng.internal.TestMethodWorker.run(TestMethodWorker.java:111)
	at org.testng.TestRunner.privateRun(TestRunner.java:767)
	at org.testng.TestRunner.run(TestRunner.java:617)
	at org.testng.SuiteRunner.runTest(SuiteRunner.java:334)
	at org.testng.SuiteRunner.runSequentially(SuiteRunner.java:329)
	at org.testng.SuiteRunner.privateRun(SuiteRunner.java:291)
	at org.testng.SuiteRunner.run(SuiteRunner.java:240)
	at org.testng.SuiteRunnerWorker.runSuite(SuiteRunnerWorker.java:52)
	at org.testng.SuiteRunnerWorker.run(SuiteRunnerWorker.java:86)
	at org.testng.TestNG.runSuitesSequentially(TestNG.java:1224)
	at org.testng.TestNG.runSuitesLocally(TestNG.java:1149)
	at org.testng.TestNG.run(TestNG.java:1057)
	at org.testng.remote.RemoteTestNG.run(RemoteTestNG.java:111)
	at org.testng.remote.RemoteTestNG.initAndRun(RemoteTestNG.java:204)
	at org.testng.remote.RemoteTestNG.main(RemoteTestNG.java:175)
</pre></div></td>
<td>4</td>
<td>bg.pragmatic.lecture13mvn.waits.ImplicitWaitTest@28f67ac7</td></tr>
</table><p>
<table width='100%' border='1' class='invocation-passed'>
<tr><td colspan='4' align='center'><b>PASSED TESTS</b></td></tr>
<tr><td><b>Test method</b></td>
<td width="30%"><b>Exception</b></td>
<td width="10%"><b>Time (seconds)</b></td>
<td><b>Instance</b></td>
</tr>
<tr>
<td title='bg.pragmatic.lecture13mvn.waits.AlertsTest.testConfirmAccept()'><b>testConfirmAccept</b><br>Test class: bg.pragmatic.lecture13mvn.waits.AlertsTest</td>
<td></td>
<td>0</td>
<td>bg.pragmatic.lecture13mvn.waits.AlertsTest@357246de</td></tr>
<tr>
<td title='bg.pragmatic.lecture13mvn.waits.AlertsTest.testConfirmDismiss()'><b>testConfirmDismiss</b><br>Test class: bg.pragmatic.lecture13mvn.waits.AlertsTest</td>
<td></td>
<td>0</td>
<td>bg.pragmatic.lecture13mvn.waits.AlertsTest@357246de</td></tr>
<tr>
<td title='bg.pragmatic.lecture13mvn.waits.ExplicitWaitTest.testExplicitWait()'><b>testExplicitWait</b><br>Test class: bg.pragmatic.lecture13mvn.waits.ExplicitWaitTest</td>
<td></td>
<td>14</td>
<td>bg.pragmatic.lecture13mvn.waits.ExplicitWaitTest@2a18f23c</td></tr>
<tr>
<td title='bg.pragmatic.lecture13mvn.waits.ExplicitWaitTest.testExplicitWaitByTitle()'><b>testExplicitWaitByTitle</b><br>Test class: bg.pragmatic.lecture13mvn.waits.ExplicitWaitTest</td>
<td></td>
<td>6</td>
<td>bg.pragmatic.lecture13mvn.waits.ExplicitWaitTest@2a18f23c</td></tr>
<tr>
<td title='bg.pragmatic.lecture13mvn.waits.ExplicitWaitTest.testExplicitWaitTitleContains()'><b>testExplicitWaitTitleContains</b><br>Test class: bg.pragmatic.lecture13mvn.waits.ExplicitWaitTest</td>
<td></td>
<td>6</td>
<td>bg.pragmatic.lecture13mvn.waits.ExplicitWaitTest@2a18f23c</td></tr>
<tr>
<td title='bg.pragmatic.lecture13mvn.waits.FramesTest.testFrameByContents()'><b>testFrameByContents</b><br>Test class: bg.pragmatic.lecture13mvn.waits.FramesTest</td>
<td></td>
<td>0</td>
<td>bg.pragmatic.lecture13mvn.waits.FramesTest@d7b1517</td></tr>
<tr>
<td title='bg.pragmatic.lecture13mvn.waits.FramesTest.testFrameByIndex()'><b>testFrameByIndex</b><br>Test class: bg.pragmatic.lecture13mvn.waits.FramesTest</td>
<td></td>
<td>0</td>
<td>bg.pragmatic.lecture13mvn.waits.FramesTest@d7b1517</td></tr>
<tr>
<td title='bg.pragmatic.lecture13mvn.waits.FramesTest.testFrameWithIdOrName()'><b>testFrameWithIdOrName</b><br>Test class: bg.pragmatic.lecture13mvn.waits.FramesTest</td>
<td></td>
<td>0</td>
<td>bg.pragmatic.lecture13mvn.waits.FramesTest@d7b1517</td></tr>
<tr>
<td title='bg.pragmatic.lecture13mvn.waits.FramesTest.testIFrame()'><b>testIFrame</b><br>Test class: bg.pragmatic.lecture13mvn.waits.FramesTest</td>
<td></td>
<td>1</td>
<td>bg.pragmatic.lecture13mvn.waits.FramesTest@d7b1517</td></tr>
<tr>
<td title='bg.pragmatic.lecture13mvn.waits.ElementStateTests.testIsEclementPresent()'><b>testIsEclementPresent</b><br>Test class: bg.pragmatic.lecture13mvn.waits.ElementStateTests</td>
<td></td>
<td>0</td>
<td>bg.pragmatic.lecture13mvn.waits.ElementStateTests@2b80d80f</td></tr>
<tr>
<td title='bg.pragmatic.lecture13mvn.waits.AlertsTest.testPrompt()'><b>testPrompt</b><br>Test class: bg.pragmatic.lecture13mvn.waits.AlertsTest</td>
<td></td>
<td>0</td>
<td>bg.pragmatic.lecture13mvn.waits.AlertsTest@357246de</td></tr>
<tr>
<td title='bg.pragmatic.lecture13mvn.waits.AlertsTest.testSimpleAlert()'><b>testSimpleAlert</b><br>Test class: bg.pragmatic.lecture13mvn.waits.AlertsTest</td>
<td></td>
<td>0</td>
<td>bg.pragmatic.lecture13mvn.waits.AlertsTest@357246de</td></tr>
<tr>
<td title='bg.pragmatic.lecture13mvn.waits.WindowPopupTest.testWindowPopup()'><b>testWindowPopup</b><br>Test class: bg.pragmatic.lecture13mvn.waits.WindowPopupTest</td>
<td></td>
<td>1</td>
<td>bg.pragmatic.lecture13mvn.waits.WindowPopupTest@256216b3</td></tr>
<tr>
<td title='bg.pragmatic.lecture13mvn.waits.WindowPopupTest.testWindowPopupUsingContents()'><b>testWindowPopupUsingContents</b><br>Test class: bg.pragmatic.lecture13mvn.waits.WindowPopupTest</td>
<td></td>
<td>1</td>
<td>bg.pragmatic.lecture13mvn.waits.WindowPopupTest@256216b3</td></tr>
<tr>
<td title='bg.pragmatic.lecture13mvn.waits.WindowPopupTest.testWindowPopupUsingTitle()'><b>testWindowPopupUsingTitle</b><br>Test class: bg.pragmatic.lecture13mvn.waits.WindowPopupTest</td>
<td></td>
<td>1</td>
<td>bg.pragmatic.lecture13mvn.waits.WindowPopupTest@256216b3</td></tr>
<tr>
<td title='bg.pragmatic.lecture13mvn.waits.ImplicitWaitTest.testWithImplicitWait()'><b>testWithImplicitWait</b><br>Test class: bg.pragmatic.lecture13mvn.waits.ImplicitWaitTest</td>
<td></td>
<td>5</td>
<td>bg.pragmatic.lecture13mvn.waits.ImplicitWaitTest@28f67ac7</td></tr>
</table><p>
</body>
</html>