<?xml version="1.0" encoding="UTF-8"?>
<!-- Generated by org.testng.reporters.JUnitXMLReporter -->
<testsuite hostname="DESKTOP-2Q9SV7O" name="Regression1" tests="18" failures="2" timestamp="31 Oct 2018 20:19:48 GMT" time="68.801" errors="0">
  <testcase name="testConfirmAccept" time="0.19" classname="bg.pragmatic.lecture13mvn.waits.AlertsTest"/>
  <testcase name="testConfirmDismiss" time="0.083" classname="bg.pragmatic.lecture13mvn.waits.AlertsTest"/>
  <testcase name="testPrompt" time="0.174" classname="bg.pragmatic.lecture13mvn.waits.AlertsTest"/>
  <testcase name="testSimpleAlert" time="0.108" classname="bg.pragmatic.lecture13mvn.waits.AlertsTest"/>
  <testcase name="testElementIsEnabled" time="0.051" classname="bg.pragmatic.lecture13mvn.waits.ElementStateTests">
    <failure type="java.lang.AssertionError" message="LED Lamp Checkbox is disabled!!">
      <![CDATA[java.lang.AssertionError: LED Lamp Checkbox is disabled!!
	at bg.pragmatic.lecture13mvn.waits.ElementStateTests.testElementIsEnabled(ElementStateTests.java:39)
... Removed 25 stack frames]]>
    </failure>
  </testcase> <!-- testElementIsEnabled -->
  <testcase name="testIsEclementPresent" time="0.161" classname="bg.pragmatic.lecture13mvn.waits.ElementStateTests"/>
  <testcase name="testExplicitWait" time="14.8" classname="bg.pragmatic.lecture13mvn.waits.ExplicitWaitTest"/>
  <testcase name="testExplicitWaitByTitle" time="6.628" classname="bg.pragmatic.lecture13mvn.waits.ExplicitWaitTest"/>
  <testcase name="testExplicitWaitTitleContains" time="6.854" classname="bg.pragmatic.lecture13mvn.waits.ExplicitWaitTest"/>
  <testcase name="testFrameByContents" time="0.119" classname="bg.pragmatic.lecture13mvn.waits.FramesTest"/>
  <testcase name="testFrameByIndex" time="0.07" classname="bg.pragmatic.lecture13mvn.waits.FramesTest"/>
  <testcase name="testFrameWithIdOrName" time="0.175" classname="bg.pragmatic.lecture13mvn.waits.FramesTest"/>
  <testcase name="testIFrame" time="1.847" classname="bg.pragmatic.lecture13mvn.waits.FramesTest"/>
  <testcase name="testWithImplicitWait" time="5.002" classname="bg.pragmatic.lecture13mvn.waits.ImplicitWaitTest"/>
  <testcase name="testWithOutWait" time="4.326" classname="bg.pragmatic.lecture13mvn.waits.ImplicitWaitTest">
    <failure type="java.lang.AssertionError" message="Element not found!!">
      <![CDATA[java.lang.AssertionError: Element not found!!
	at bg.pragmatic.lecture13mvn.waits.ImplicitWaitTest.testWithOutWait(ImplicitWaitTest.java:39)
... Removed 25 stack frames]]>
    </failure>
  </testcase> <!-- testWithOutWait -->
  <testcase name="testWindowPopup" time="1.514" classname="bg.pragmatic.lecture13mvn.waits.WindowPopupTest"/>
  <testcase name="testWindowPopupUsingContents" time="1.633" classname="bg.pragmatic.lecture13mvn.waits.WindowPopupTest"/>
  <testcase name="testWindowPopupUsingTitle" time="1.583" classname="bg.pragmatic.lecture13mvn.waits.WindowPopupTest"/>
</testsuite> <!-- Regression1 -->
